13/11/2018 15:39:07	This log contains information about the import schema operation into project 'Database' on computer 'LAP200' by user 'jay.creasy'.
13/11/2018 15:39:07	Import of database schema has started.
13/11/2018 15:39:14	Gathering database credentials
13/11/2018 15:39:14	Gathering database options
13/11/2018 15:39:14	Gathering generic database scoped configuration option
13/11/2018 15:39:14	Gathering users
13/11/2018 15:39:14	Gathering roles
13/11/2018 15:39:14	Gathering application roles
13/11/2018 15:39:14	Gathering role memberships
13/11/2018 15:39:14	Gathering filegroups
13/11/2018 15:39:14	Gathering full-text catalogs
13/11/2018 15:39:14	Gathering assemblies
13/11/2018 15:39:14	Gathering certificates
13/11/2018 15:39:14	Gathering asymmetric keys
13/11/2018 15:39:14	Gathering symmetric keys
13/11/2018 15:39:14	Gathering encrypted symmetric keys
13/11/2018 15:39:14	Gathering schemas
13/11/2018 15:39:14	Gathering XML schema collections
13/11/2018 15:39:14	Gathering user-defined data types
13/11/2018 15:39:14	Gathering user-defined types
13/11/2018 15:39:14	Gathering table types
13/11/2018 15:39:14	Gathering unique keys for table types
13/11/2018 15:39:14	Gathering primary keys for table types
13/11/2018 15:39:14	Gathering indexes for table types
13/11/2018 15:39:14	Gathering check constraints for table types
13/11/2018 15:39:14	Gathering default constraints for table types
13/11/2018 15:39:14	Gathering partition functions
13/11/2018 15:39:14	Gathering partition schemes
13/11/2018 15:39:14	Gathering functions
13/11/2018 15:39:14	Gathering encrypted functions
13/11/2018 15:39:14	Gathering aggregates
13/11/2018 15:39:14	Gathering procedures
13/11/2018 15:39:14	Gathering encrypted procedures
13/11/2018 15:39:14	Gathering tables
13/11/2018 15:39:14	Gathering primary keys
13/11/2018 15:39:14	Gathering unique constraints
13/11/2018 15:39:14	Gathering foreign keys
13/11/2018 15:39:14	Gathering default constraints
13/11/2018 15:39:14	Gathering check constraints
13/11/2018 15:39:14	Gathering views
13/11/2018 15:39:14	Gathering encrypted views
13/11/2018 15:39:14	Gathering indexes
13/11/2018 15:39:14	Gathering statistics
13/11/2018 15:39:14	Gathering full-text index stoplists
13/11/2018 15:39:14	Gathering search property lists
13/11/2018 15:39:14	Gathering search properties
13/11/2018 15:39:14	Gathering full-text indexes
13/11/2018 15:39:14	Gathering column store indexes
13/11/2018 15:39:14	Gathering spatial indexes
13/11/2018 15:39:14	Gathering XML indexes
13/11/2018 15:39:14	Gathering Selective XML indexes
13/11/2018 15:39:14	Gathering encrypted triggers
13/11/2018 15:39:14	Gathering triggers
13/11/2018 15:39:14	Gathering encrypted and clr ddl triggers
13/11/2018 15:39:14	Gathering ddl triggers
13/11/2018 15:39:14	Gathering synonyms
13/11/2018 15:39:14	Gathering defaults
13/11/2018 15:39:14	Gathering data constraint uddt bindings
13/11/2018 15:39:14	Gathering rules
13/11/2018 15:39:14	Gathering data constraint uddt bindings
13/11/2018 15:39:14	Gathering message types
13/11/2018 15:39:14	Gathering queues
13/11/2018 15:39:14	Gathering contracts
13/11/2018 15:39:14	Gathering services
13/11/2018 15:39:14	Gathering event notifications
13/11/2018 15:39:14	Gathering remote service bindings
13/11/2018 15:39:14	Gathering broker priorities
13/11/2018 15:39:14	Gathering signatures
13/11/2018 15:39:14	Gathering data compression options
13/11/2018 15:39:14	Gathering sequence types
13/11/2018 15:39:14	Gathering security policies
13/11/2018 15:39:14	Gather column encryption keys
13/11/2018 15:39:14	Gathering column master keys
13/11/2018 15:39:14	Gathering external data sources
13/11/2018 15:39:14	Gathering external file formats
13/11/2018 15:39:14	Gathering external tables
13/11/2018 15:39:14	Gathering extended properties
13/11/2018 15:39:14	Gathering credentials
13/11/2018 15:39:14	Gathering logins
13/11/2018 15:39:14	Gathering server audits
13/11/2018 15:39:16	Scanning project for duplicate elements
13/11/2018 15:39:16	Finished duplicate element processing
13/11/2018 15:39:16	Finished importing database.
13/11/2018 15:39:16	A summary of the import was saved to the following location: D:\Projects\Sides\BenAPI1\Benenden\Ben\Database\Import Schema Logs\Database_20181113033907.log
13/11/2018 15:39:16	Click Finish to continue...
